0 info it worked if it ends with ok
1 verbose cli [ 'C:\\Program Files\\nodejs\\node.exe',
1 verbose cli   'C:\\Program Files\\nodejs\\node_modules\\npm\\bin\\npm-cli.js',
1 verbose cli   'run',
1 verbose cli   'development' ]
2 info using npm@3.10.10
3 info using node@v6.11.5
4 verbose run-script [ 'predevelopment', 'development', 'postdevelopment' ]
5 info lifecycle Fakkerni-laravel@1.0.0~predevelopment: Fakkerni-laravel@1.0.0
6 silly lifecycle Fakkerni-laravel@1.0.0~predevelopment: no script for predevelopment, continuing
7 info lifecycle Fakkerni-laravel@1.0.0~development: Fakkerni-laravel@1.0.0
8 verbose lifecycle Fakkerni-laravel@1.0.0~development: unsafe-perm in lifecycle true
9 verbose lifecycle Fakkerni-laravel@1.0.0~development: PATH: C:\Program Files\nodejs\node_modules\npm\bin\node-gyp-bin;c:\wamp64\www\Fakkerni-laravel\node_modules\.bin;c:\wamp64\www\Fakkerni-laravel\node_modules\.bin;C:\Users\Asus\AppData\Local\Yarn\config\link\node_modules\.bin;c:\wamp64\www\Fakkerni-laravel\node_modules\.bin;C:\Users\Asus\AppData\Local\Yarn\config\link\node_modules\.bin;C:\Program Files\lib\node_modules\npm\bin\node-gyp-bin;C:\Program Files\nodejs\node_modules\npm\bin\node-gyp-bin;C:\Windows\system32;C:\Windows;C:\Windows\System32\Wbem;C:\Windows\System32\WindowsPowerShell\v1.0\;C:\Program Files (x86)\NVIDIA Corporation\PhysX\Common;C:\Program Files (x86)\OpenVPN\bin;C:\Program Files\Google\Google Apps Sync\;C:\Program Files\Google\Google Apps Migration\;C:\wamp64\bin\php\php7.1.9;C:\ProgramData\ComposerSetup\bin;C:\Program Files\nodejs\;C:\Program Files\Git\cmd;C:\Program Files (x86)\Yarn\bin;C:\Program Files (x86)\PuTTY\;C:\Users\Asus\AppData\Local\Microsoft\WindowsApps;C:\Users\Asus\AppData\Roaming\Composer\vendor\bin;C:\Users\Asus\AppData\Roaming\npm;C:\Users\Asus\AppData\Local\Yarn\bin;C:\Users\Asus\AppData\Local\GitHubDesktop\bin
10 verbose lifecycle Fakkerni-laravel@1.0.0~development: CWD: c:\wamp64\www\Fakkerni-laravel
11 silly lifecycle Fakkerni-laravel@1.0.0~development: Args: [ '/d /s /c',
11 silly lifecycle   'cross-env NODE_ENV=development node_modules/webpack/bin/webpack.js --progress --hide-modules --config=node_modules/laravel-mix/setup/webpack.config.js' ]
12 silly lifecycle Fakkerni-laravel@1.0.0~development: Returned: code: 2  signal: null
13 info lifecycle Fakkerni-laravel@1.0.0~development: Failed to exec development script
14 verbose stack Error: Fakkerni-laravel@1.0.0 development: `cross-env NODE_ENV=development node_modules/webpack/bin/webpack.js --progress --hide-modules --config=node_modules/laravel-mix/setup/webpack.config.js`
14 verbose stack Exit status 2
14 verbose stack     at EventEmitter.<anonymous> (C:\Program Files\nodejs\node_modules\npm\lib\utils\lifecycle.js:255:16)
14 verbose stack     at emitTwo (events.js:106:13)
14 verbose stack     at EventEmitter.emit (events.js:191:7)
14 verbose stack     at ChildProcess.<anonymous> (C:\Program Files\nodejs\node_modules\npm\lib\utils\spawn.js:40:14)
14 verbose stack     at emitTwo (events.js:106:13)
14 verbose stack     at ChildProcess.emit (events.js:191:7)
14 verbose stack     at maybeClose (internal/child_process.js:920:16)
14 verbose stack     at Process.ChildProcess._handle.onexit (internal/child_process.js:230:5)
15 verbose pkgid Fakkerni-laravel@1.0.0
16 verbose cwd c:\wamp64\www\Fakkerni-laravel
17 error Windows_NT 10.0.15063
18 error argv "C:\\Program Files\\nodejs\\node.exe" "C:\\Program Files\\nodejs\\node_modules\\npm\\bin\\npm-cli.js" "run" "development"
19 error node v6.11.5
20 error npm  v3.10.10
21 error code ELIFECYCLE
22 error Fakkerni-laravel@1.0.0 development: `cross-env NODE_ENV=development node_modules/webpack/bin/webpack.js --progress --hide-modules --config=node_modules/laravel-mix/setup/webpack.config.js`
22 error Exit status 2
23 error Failed at the Fakkerni-laravel@1.0.0 development script 'cross-env NODE_ENV=development node_modules/webpack/bin/webpack.js --progress --hide-modules --config=node_modules/laravel-mix/setup/webpack.config.js'.
23 error Make sure you have the latest version of node.js and npm installed.
23 error If you do, this is most likely a problem with the Fakkerni-laravel package,
23 error not with npm itself.
23 error Tell the author that this fails on your system:
23 error     cross-env NODE_ENV=development node_modules/webpack/bin/webpack.js --progress --hide-modules --config=node_modules/laravel-mix/setup/webpack.config.js
23 error You can get information on how to open an issue for this project with:
23 error     npm bugs Fakkerni-laravel
23 error Or if that isn't available, you can get their info via:
23 error     npm owner ls Fakkerni-laravel
23 error There is likely additional logging output above.
24 verbose exit [ 1, true ]
